0 info it worked if it ends with ok
1 verbose cli [ '/usr/local/bin/node',
1 verbose cli   '/usr/local/bin/npm',
1 verbose cli   'install',
1 verbose cli   '-g',
1 verbose cli   'corfova',
1 verbose cli   'ionic' ]
2 info using npm@3.10.7
3 info using node@v4.5.0
4 silly loadCurrentTree Starting
5 silly install loadCurrentTree
6 silly install readGlobalPackageData
7 silly fetchPackageMetaData corfova
8 silly fetchPackageMetaData ionic
9 silly fetchNamedPackageData corfova
10 silly mapToRegistry name corfova
11 silly mapToRegistry using default registry
12 silly mapToRegistry registry https://registry.npmjs.org/
13 silly mapToRegistry data Result {
13 silly mapToRegistry   raw: 'corfova',
13 silly mapToRegistry   scope: null,
13 silly mapToRegistry   escapedName: 'corfova',
13 silly mapToRegistry   name: 'corfova',
13 silly mapToRegistry   rawSpec: '',
13 silly mapToRegistry   spec: 'latest',
13 silly mapToRegistry   type: 'tag' }
14 silly mapToRegistry uri https://registry.npmjs.org/corfova
15 silly fetchNamedPackageData ionic
16 silly mapToRegistry name ionic
17 silly mapToRegistry using default registry
18 silly mapToRegistry registry https://registry.npmjs.org/
19 silly mapToRegistry data Result {
19 silly mapToRegistry   raw: 'ionic',
19 silly mapToRegistry   scope: null,
19 silly mapToRegistry   escapedName: 'ionic',
19 silly mapToRegistry   name: 'ionic',
19 silly mapToRegistry   rawSpec: '',
19 silly mapToRegistry   spec: 'latest',
19 silly mapToRegistry   type: 'tag' }
20 silly mapToRegistry uri https://registry.npmjs.org/ionic
21 verbose request uri https://registry.npmjs.org/corfova
22 verbose request no auth needed
23 info attempt registry request try #1 at 9:09:50 AM
24 verbose request id 9a03da8ff549b52d
25 http request GET https://registry.npmjs.org/corfova
26 verbose request uri https://registry.npmjs.org/ionic
27 verbose request no auth needed
28 info attempt registry request try #1 at 9:09:50 AM
29 verbose etag "24V8I0X8N5CL9KONUD8WSPZGO"
30 http request GET https://registry.npmjs.org/ionic
31 http 304 https://registry.npmjs.org/ionic
32 verbose headers { date: 'Fri, 14 Oct 2016 16:09:49 GMT',
32 verbose headers   via: '1.1 varnish',
32 verbose headers   'cache-control': 'max-age=300',
32 verbose headers   etag: '"24V8I0X8N5CL9KONUD8WSPZGO"',
32 verbose headers   age: '39',
32 verbose headers   connection: 'keep-alive',
32 verbose headers   'x-served-by': 'cache-sea1923-SEA',
32 verbose headers   'x-cache': 'HIT',
32 verbose headers   'x-cache-hits': '1',
32 verbose headers   'x-timer': 'S1476461389.866637,VS0,VE0',
32 verbose headers   vary: 'Accept-Encoding' }
33 silly get cb [ 304,
33 silly get   { date: 'Fri, 14 Oct 2016 16:09:49 GMT',
33 silly get     via: '1.1 varnish',
33 silly get     'cache-control': 'max-age=300',
33 silly get     etag: '"24V8I0X8N5CL9KONUD8WSPZGO"',
33 silly get     age: '39',
33 silly get     connection: 'keep-alive',
33 silly get     'x-served-by': 'cache-sea1923-SEA',
33 silly get     'x-cache': 'HIT',
33 silly get     'x-cache-hits': '1',
33 silly get     'x-timer': 'S1476461389.866637,VS0,VE0',
33 silly get     vary: 'Accept-Encoding' } ]
34 verbose etag https://registry.npmjs.org/ionic from cache
35 verbose get saving ionic to /Users/fei/.npm/registry.npmjs.org/ionic/.cache.json
36 verbose correctMkdir /Users/fei/.npm correctMkdir not in flight; initializing
37 http 404 https://registry.npmjs.org/corfova
38 verbose headers { 'content-type': 'application/json',
38 verbose headers   'cache-control': 'max-age=0',
38 verbose headers   'content-length': '2',
38 verbose headers   'accept-ranges': 'bytes',
38 verbose headers   date: 'Fri, 14 Oct 2016 16:09:49 GMT',
38 verbose headers   via: '1.1 varnish',
38 verbose headers   age: '0',
38 verbose headers   connection: 'keep-alive',
38 verbose headers   'x-served-by': 'cache-sea1924-SEA',
38 verbose headers   'x-cache': 'MISS',
38 verbose headers   'x-cache-hits': '0',
38 verbose headers   'x-timer': 'S1476461389.850788,VS0,VE23',
38 verbose headers   vary: 'Accept-Encoding' }
39 silly get cb [ 404,
39 silly get   { 'content-type': 'application/json',
39 silly get     'cache-control': 'max-age=0',
39 silly get     'content-length': '2',
39 silly get     'accept-ranges': 'bytes',
39 silly get     date: 'Fri, 14 Oct 2016 16:09:49 GMT',
39 silly get     via: '1.1 varnish',
39 silly get     age: '0',
39 silly get     connection: 'keep-alive',
39 silly get     'x-served-by': 'cache-sea1924-SEA',
39 silly get     'x-cache': 'MISS',
39 silly get     'x-cache-hits': '0',
39 silly get     'x-timer': 'S1476461389.850788,VS0,VE23',
39 silly get     vary: 'Accept-Encoding' } ]
40 silly fetchPackageMetaData Error: Registry returned 404 for GET on https://registry.npmjs.org/corfova
40 silly fetchPackageMetaData     at makeError (/usr/local/lib/node_modules/npm/node_modules/npm-registry-client/lib/request.js:264:12)
40 silly fetchPackageMetaData     at CachingRegistryClient.<anonymous> (/usr/local/lib/node_modules/npm/node_modules/npm-registry-client/lib/request.js:242:14)
40 silly fetchPackageMetaData     at Request._callback (/usr/local/lib/node_modules/npm/node_modules/npm-registry-client/lib/request.js:172:14)
40 silly fetchPackageMetaData     at Request.self.callback (/usr/local/lib/node_modules/npm/node_modules/request/request.js:187:22)
40 silly fetchPackageMetaData     at emitTwo (events.js:87:13)
40 silly fetchPackageMetaData     at Request.emit (events.js:172:7)
40 silly fetchPackageMetaData     at Request.<anonymous> (/usr/local/lib/node_modules/npm/node_modules/request/request.js:1044:10)
40 silly fetchPackageMetaData     at emitOne (events.js:77:13)
40 silly fetchPackageMetaData     at Request.emit (events.js:169:7)
40 silly fetchPackageMetaData     at IncomingMessage.<anonymous> (/usr/local/lib/node_modules/npm/node_modules/request/request.js:965:12)
40 silly fetchPackageMetaData  error for corfova { [Error: Registry returned 404 for GET on https://registry.npmjs.org/corfova] pkgid: 'corfova', statusCode: 404, code: 'E404' }
41 silly rollbackFailedOptional Starting
42 silly rollbackFailedOptional Finishing
43 silly runTopLevelLifecycles Finishing
44 silly install printInstalled
45 verbose stack Error: Registry returned 404 for GET on https://registry.npmjs.org/corfova
45 verbose stack     at makeError (/usr/local/lib/node_modules/npm/node_modules/npm-registry-client/lib/request.js:264:12)
45 verbose stack     at CachingRegistryClient.<anonymous> (/usr/local/lib/node_modules/npm/node_modules/npm-registry-client/lib/request.js:242:14)
45 verbose stack     at Request._callback (/usr/local/lib/node_modules/npm/node_modules/npm-registry-client/lib/request.js:172:14)
45 verbose stack     at Request.self.callback (/usr/local/lib/node_modules/npm/node_modules/request/request.js:187:22)
45 verbose stack     at emitTwo (events.js:87:13)
45 verbose stack     at Request.emit (events.js:172:7)
45 verbose stack     at Request.<anonymous> (/usr/local/lib/node_modules/npm/node_modules/request/request.js:1044:10)
45 verbose stack     at emitOne (events.js:77:13)
45 verbose stack     at Request.emit (events.js:169:7)
45 verbose stack     at IncomingMessage.<anonymous> (/usr/local/lib/node_modules/npm/node_modules/request/request.js:965:12)
46 verbose statusCode 404
47 verbose pkgid corfova
48 verbose cwd /Users/fei/Documents/Fullstack
49 error Darwin 15.2.0
50 error argv "/usr/local/bin/node" "/usr/local/bin/npm" "install" "-g" "corfova" "ionic"
51 error node v4.5.0
52 error npm  v3.10.7
53 error code E404
54 error 404 Registry returned 404 for GET on https://registry.npmjs.org/corfova
55 error 404
56 error 404 'corfova' is not in the npm registry.
57 error 404 You should bug the author to publish it (or use the name yourself!)
58 error 404 Note that you can also install from a
59 error 404 tarball, folder, http url, or git url.
60 verbose exit [ 1, true ]
