0 info it worked if it ends with ok
1 verbose cli [ '/usr/local/bin/node',
1 verbose cli   '/usr/local/bin/npm',
1 verbose cli   'install',
1 verbose cli   'bower.json',
1 verbose cli   '--save' ]
2 info using npm@2.15.9
3 info using node@v4.5.0
4 verbose install initial load of /Users/fei/Documents/Fullstack/Day6_Assianment/package.json
5 warn package.json init@1.0.0 No description
6 warn package.json init@1.0.0 No repository field.
7 warn package.json init@1.0.0 No README data
8 verbose installManyTop reading scoped package data from /Users/fei/Documents/Fullstack/Day6_Assianment/node_modules/bower/package.json
9 verbose installManyTop reading scoped package data from /Users/fei/Documents/Fullstack/Day6_Assianment/node_modules/ejs/package.json
10 verbose installManyTop reading scoped package data from /Users/fei/Documents/Fullstack/Day6_Assianment/node_modules/express/package.json
11 verbose installManyTop reading scoped package data from /Users/fei/Documents/Fullstack/Day6_Assianment/node_modules/@types/angular/package.json
12 verbose installManyTop reading scoped package data from /Users/fei/Documents/Fullstack/Day6_Assianment/node_modules/@types/express/package.json
13 verbose readDependencies loading dependencies from /Users/fei/Documents/Fullstack/Day6_Assianment/package.json
14 silly cache add args [ 'bower.json', null ]
15 verbose cache add spec bower.json
16 silly cache add parsed spec Result {
16 silly cache add   raw: 'bower.json',
16 silly cache add   scope: null,
16 silly cache add   name: 'bower.json',
16 silly cache add   rawSpec: '',
16 silly cache add   spec: 'latest',
16 silly cache add   type: 'tag' }
17 silly addNamed bower.json@latest
18 verbose addNamed "latest" is being treated as a dist-tag for bower.json
19 info addNameTag [ 'bower.json', 'latest' ]
20 silly mapToRegistry name bower.json
21 silly mapToRegistry using default registry
22 silly mapToRegistry registry https://registry.npmjs.org/
23 silly mapToRegistry data Result {
23 silly mapToRegistry   raw: 'bower.json',
23 silly mapToRegistry   scope: null,
23 silly mapToRegistry   name: 'bower.json',
23 silly mapToRegistry   rawSpec: '',
23 silly mapToRegistry   spec: 'latest',
23 silly mapToRegistry   type: 'tag' }
24 silly mapToRegistry uri https://registry.npmjs.org/bower.json
25 verbose addNameTag registry:https://registry.npmjs.org/bower.json not in flight; fetching
26 verbose request uri https://registry.npmjs.org/bower.json
27 verbose request no auth needed
28 info attempt registry request try #1 at 5:17:14 PM
29 verbose request id 7cfcfc085aa313f7
30 http request GET https://registry.npmjs.org/bower.json
31 http 404 https://registry.npmjs.org/bower.json
32 verbose headers { 'content-type': 'application/json',
32 verbose headers   'cache-control': 'max-age=0',
32 verbose headers   'content-length': '2',
32 verbose headers   'accept-ranges': 'bytes',
32 verbose headers   date: 'Tue, 13 Sep 2016 00:17:14 GMT',
32 verbose headers   via: '1.1 varnish',
32 verbose headers   age: '0',
32 verbose headers   connection: 'keep-alive',
32 verbose headers   'x-served-by': 'cache-sea1923-SEA',
32 verbose headers   'x-cache': 'MISS',
32 verbose headers   'x-cache-hits': '0',
32 verbose headers   'x-timer': 'S1473725834.695727,VS0,VE23',
32 verbose headers   vary: 'Accept-Encoding' }
33 silly get cb [ 404,
33 silly get   { 'content-type': 'application/json',
33 silly get     'cache-control': 'max-age=0',
33 silly get     'content-length': '2',
33 silly get     'accept-ranges': 'bytes',
33 silly get     date: 'Tue, 13 Sep 2016 00:17:14 GMT',
33 silly get     via: '1.1 varnish',
33 silly get     age: '0',
33 silly get     connection: 'keep-alive',
33 silly get     'x-served-by': 'cache-sea1923-SEA',
33 silly get     'x-cache': 'MISS',
33 silly get     'x-cache-hits': '0',
33 silly get     'x-timer': 'S1473725834.695727,VS0,VE23',
33 silly get     vary: 'Accept-Encoding' } ]
34 verbose stack Error: Registry returned 404 for GET on https://registry.npmjs.org/bower.json
34 verbose stack     at makeError (/usr/local/lib/node_modules/npm/node_modules/npm-registry-client/lib/request.js:264:12)
34 verbose stack     at CachingRegistryClient.<anonymous> (/usr/local/lib/node_modules/npm/node_modules/npm-registry-client/lib/request.js:242:14)
34 verbose stack     at Request._callback (/usr/local/lib/node_modules/npm/node_modules/npm-registry-client/lib/request.js:172:14)
34 verbose stack     at Request.self.callback (/usr/local/lib/node_modules/npm/node_modules/request/request.js:200:22)
34 verbose stack     at emitTwo (events.js:87:13)
34 verbose stack     at Request.emit (events.js:172:7)
34 verbose stack     at Request.<anonymous> (/usr/local/lib/node_modules/npm/node_modules/request/request.js:1067:10)
34 verbose stack     at emitOne (events.js:82:20)
34 verbose stack     at Request.emit (events.js:169:7)
34 verbose stack     at IncomingMessage.<anonymous> (/usr/local/lib/node_modules/npm/node_modules/request/request.js:988:12)
35 verbose statusCode 404
36 verbose pkgid bower.json
37 verbose cwd /Users/fei/Documents/Fullstack/Day6_Assianment
38 error Darwin 15.2.0
39 error argv "/usr/local/bin/node" "/usr/local/bin/npm" "install" "bower.json" "--save"
40 error node v4.5.0
41 error npm  v2.15.9
42 error code E404
43 error 404 Registry returned 404 for GET on https://registry.npmjs.org/bower.json
43 error 404
43 error 404 'bower.json' is not in the npm registry.
43 error 404 You should bug the author to publish it (or use the name yourself!)
43 error 404 It was specified as a dependency of 'init'
43 error 404
43 error 404 Note that you can also install from a
43 error 404 tarball, folder, http url, or git url.
44 verbose exit [ 1, true ]
