0 info it worked if it ends with ok
1 verbose cli [ '/usr/local/bin/node',
1 verbose cli   '/usr/local/bin/npm',
1 verbose cli   'install',
1 verbose cli   '-g',
1 verbose cli   'ios-deploy' ]
2 info using npm@3.10.7
3 info using node@v4.5.0
4 silly loadCurrentTree Starting
5 silly install loadCurrentTree
6 silly install readGlobalPackageData
7 silly fetchPackageMetaData ios-deploy
8 silly fetchNamedPackageData ios-deploy
9 silly mapToRegistry name ios-deploy
10 silly mapToRegistry using default registry
11 silly mapToRegistry registry https://registry.npmjs.org/
12 silly mapToRegistry data Result {
12 silly mapToRegistry   raw: 'ios-deploy',
12 silly mapToRegistry   scope: null,
12 silly mapToRegistry   escapedName: 'ios-deploy',
12 silly mapToRegistry   name: 'ios-deploy',
12 silly mapToRegistry   rawSpec: '',
12 silly mapToRegistry   spec: 'latest',
12 silly mapToRegistry   type: 'tag' }
13 silly mapToRegistry uri https://registry.npmjs.org/ios-deploy
14 verbose get https://registry.npmjs.org/ios-deploy not expired, no request
15 silly install normalizeTree
16 silly loadCurrentTree Finishing
17 silly loadIdealTree Starting
18 silly install loadIdealTree
19 silly cloneCurrentTree Starting
20 silly install cloneCurrentTreeToIdealTree
21 silly cloneCurrentTree Finishing
22 silly loadShrinkwrap Starting
23 silly install loadShrinkwrap
24 silly loadShrinkwrap Finishing
25 silly loadAllDepsIntoIdealTree Starting
26 silly install loadAllDepsIntoIdealTree
27 silly resolveWithNewModule ios-deploy@1.9.0 checking installable status
28 silly cache add args [ 'ios-deploy', null ]
29 verbose cache add spec ios-deploy
30 silly cache add parsed spec Result {
30 silly cache add   raw: 'ios-deploy',
30 silly cache add   scope: null,
30 silly cache add   escapedName: 'ios-deploy',
30 silly cache add   name: 'ios-deploy',
30 silly cache add   rawSpec: '',
30 silly cache add   spec: 'latest',
30 silly cache add   type: 'tag' }
31 silly addNamed ios-deploy@latest
32 verbose addNamed "latest" is being treated as a dist-tag for ios-deploy
33 info addNameTag [ 'ios-deploy', 'latest' ]
34 silly mapToRegistry name ios-deploy
35 silly mapToRegistry using default registry
36 silly mapToRegistry registry https://registry.npmjs.org/
37 silly mapToRegistry data Result {
37 silly mapToRegistry   raw: 'ios-deploy',
37 silly mapToRegistry   scope: null,
37 silly mapToRegistry   escapedName: 'ios-deploy',
37 silly mapToRegistry   name: 'ios-deploy',
37 silly mapToRegistry   rawSpec: '',
37 silly mapToRegistry   spec: 'latest',
37 silly mapToRegistry   type: 'tag' }
38 silly mapToRegistry uri https://registry.npmjs.org/ios-deploy
39 verbose addNameTag registry:https://registry.npmjs.org/ios-deploy not in flight; fetching
40 verbose get https://registry.npmjs.org/ios-deploy not expired, no request
41 silly addNameTag next cb for ios-deploy with tag latest
42 silly addNamed ios-deploy@1.9.0
43 verbose addNamed "1.9.0" is a plain semver version for ios-deploy
44 silly cache afterAdd ios-deploy@1.9.0
45 verbose afterAdd /Users/fei/.npm/ios-deploy/1.9.0/package/package.json not in flight; writing
46 verbose correctMkdir /Users/fei/.npm correctMkdir not in flight; initializing
47 verbose afterAdd /Users/fei/.npm/ios-deploy/1.9.0/package/package.json written
48 silly loadAllDepsIntoIdealTree Finishing
49 silly loadIdealTree Finishing
50 silly currentTree lib
51 silly idealTree lib
51 silly idealTree └── ios-deploy@1.9.0
52 silly generateActionsToTake Starting
53 silly install generateActionsToTake
54 warn checkPermissions Missing write access to /usr/local/lib/node_modules
55 silly rollbackFailedOptional Starting
56 silly rollbackFailedOptional Finishing
57 silly runTopLevelLifecycles Finishing
58 silly install printInstalled
59 verbose stack Error: EACCES: permission denied, access '/usr/local/lib/node_modules'
59 verbose stack     at Error (native)
60 verbose cwd /Users/fei/Documents/Fullstack/ionic/myApp
61 error Darwin 15.2.0
62 error argv "/usr/local/bin/node" "/usr/local/bin/npm" "install" "-g" "ios-deploy"
63 error node v4.5.0
64 error npm  v3.10.7
65 error path /usr/local/lib/node_modules
66 error code EACCES
67 error errno -13
68 error syscall access
69 error Error: EACCES: permission denied, access '/usr/local/lib/node_modules'
69 error     at Error (native)
69 error  { [Error: EACCES: permission denied, access '/usr/local/lib/node_modules']
69 error   errno: -13,
69 error   code: 'EACCES',
69 error   syscall: 'access',
69 error   path: '/usr/local/lib/node_modules' }
70 error Please try running this command again as root/Administrator.
71 verbose exit [ -13, true ]
