0 info it worked if it ends with ok
1 verbose cli [ '/usr/local/bin/node',
1 verbose cli   '/usr/local/bin/npm',
1 verbose cli   'install',
1 verbose cli   'angular-ul-router',
1 verbose cli   '--save' ]
2 info using npm@2.15.9
3 info using node@v4.5.0
4 verbose install initial load of /Users/fei/Documents/Fullstack/day3_services/package.json
5 warn package.json myapp@1.0.0 No description
6 warn package.json myapp@1.0.0 No repository field.
7 warn package.json myapp@1.0.0 No README data
8 verbose installManyTop reading scoped package data from /Users/fei/Documents/Fullstack/day3_services/node_modules/ejs/package.json
9 verbose installManyTop reading scoped package data from /Users/fei/Documents/Fullstack/day3_services/node_modules/express/package.json
10 verbose installManyTop reading scoped package data from /Users/fei/Documents/Fullstack/day3_services/node_modules/@types/angular/package.json
11 verbose installManyTop reading scoped package data from /Users/fei/Documents/Fullstack/day3_services/node_modules/@types/express/package.json
12 verbose readDependencies loading dependencies from /Users/fei/Documents/Fullstack/day3_services/package.json
13 silly cache add args [ 'angular-ul-router', null ]
14 verbose cache add spec angular-ul-router
15 silly cache add parsed spec Result {
15 silly cache add   raw: 'angular-ul-router',
15 silly cache add   scope: null,
15 silly cache add   name: 'angular-ul-router',
15 silly cache add   rawSpec: '',
15 silly cache add   spec: 'latest',
15 silly cache add   type: 'tag' }
16 silly addNamed angular-ul-router@latest
17 verbose addNamed "latest" is being treated as a dist-tag for angular-ul-router
18 info addNameTag [ 'angular-ul-router', 'latest' ]
19 silly mapToRegistry name angular-ul-router
20 silly mapToRegistry using default registry
21 silly mapToRegistry registry https://registry.npmjs.org/
22 silly mapToRegistry data Result {
22 silly mapToRegistry   raw: 'angular-ul-router',
22 silly mapToRegistry   scope: null,
22 silly mapToRegistry   name: 'angular-ul-router',
22 silly mapToRegistry   rawSpec: '',
22 silly mapToRegistry   spec: 'latest',
22 silly mapToRegistry   type: 'tag' }
23 silly mapToRegistry uri https://registry.npmjs.org/angular-ul-router
24 verbose addNameTag registry:https://registry.npmjs.org/angular-ul-router not in flight; fetching
25 verbose request uri https://registry.npmjs.org/angular-ul-router
26 verbose request no auth needed
27 info attempt registry request try #1 at 1:03:23 PM
28 verbose request id d2bc91ae16f5bada
29 http request GET https://registry.npmjs.org/angular-ul-router
30 http 404 https://registry.npmjs.org/angular-ul-router
31 verbose headers { 'content-type': 'application/json',
31 verbose headers   'cache-control': 'max-age=0',
31 verbose headers   'content-length': '2',
31 verbose headers   'accept-ranges': 'bytes',
31 verbose headers   date: 'Tue, 13 Sep 2016 20:03:23 GMT',
31 verbose headers   via: '1.1 varnish',
31 verbose headers   age: '0',
31 verbose headers   connection: 'keep-alive',
31 verbose headers   'x-served-by': 'cache-sea1924-SEA',
31 verbose headers   'x-cache': 'MISS',
31 verbose headers   'x-cache-hits': '0',
31 verbose headers   'x-timer': 'S1473797003.166081,VS0,VE36',
31 verbose headers   vary: 'Accept-Encoding' }
32 silly get cb [ 404,
32 silly get   { 'content-type': 'application/json',
32 silly get     'cache-control': 'max-age=0',
32 silly get     'content-length': '2',
32 silly get     'accept-ranges': 'bytes',
32 silly get     date: 'Tue, 13 Sep 2016 20:03:23 GMT',
32 silly get     via: '1.1 varnish',
32 silly get     age: '0',
32 silly get     connection: 'keep-alive',
32 silly get     'x-served-by': 'cache-sea1924-SEA',
32 silly get     'x-cache': 'MISS',
32 silly get     'x-cache-hits': '0',
32 silly get     'x-timer': 'S1473797003.166081,VS0,VE36',
32 silly get     vary: 'Accept-Encoding' } ]
33 verbose stack Error: Registry returned 404 for GET on https://registry.npmjs.org/angular-ul-router
33 verbose stack     at makeError (/usr/local/lib/node_modules/npm/node_modules/npm-registry-client/lib/request.js:264:12)
33 verbose stack     at CachingRegistryClient.<anonymous> (/usr/local/lib/node_modules/npm/node_modules/npm-registry-client/lib/request.js:242:14)
33 verbose stack     at Request._callback (/usr/local/lib/node_modules/npm/node_modules/npm-registry-client/lib/request.js:172:14)
33 verbose stack     at Request.self.callback (/usr/local/lib/node_modules/npm/node_modules/request/request.js:200:22)
33 verbose stack     at emitTwo (events.js:87:13)
33 verbose stack     at Request.emit (events.js:172:7)
33 verbose stack     at Request.<anonymous> (/usr/local/lib/node_modules/npm/node_modules/request/request.js:1067:10)
33 verbose stack     at emitOne (events.js:82:20)
33 verbose stack     at Request.emit (events.js:169:7)
33 verbose stack     at IncomingMessage.<anonymous> (/usr/local/lib/node_modules/npm/node_modules/request/request.js:988:12)
34 verbose statusCode 404
35 verbose pkgid angular-ul-router
36 verbose cwd /Users/fei/Documents/Fullstack/day3_services
37 error Darwin 15.2.0
38 error argv "/usr/local/bin/node" "/usr/local/bin/npm" "install" "angular-ul-router" "--save"
39 error node v4.5.0
40 error npm  v2.15.9
41 error code E404
42 error 404 Registry returned 404 for GET on https://registry.npmjs.org/angular-ul-router
42 error 404
42 error 404 'angular-ul-router' is not in the npm registry.
42 error 404 You should bug the author to publish it (or use the name yourself!)
42 error 404 It was specified as a dependency of 'myapp'
42 error 404
42 error 404 Note that you can also install from a
42 error 404 tarball, folder, http url, or git url.
43 verbose exit [ 1, true ]
